{"C:\\Users\\rmerc\\Escritorio\\Full-Stack-Open-2024\\jest\\tests\\dummy.data.js": {"path":"C:\\Users\\rmerc\\Escritorio\\Full-Stack-Open-2024\\jest\\tests\\dummy.data.js","statementMap":{"0":{"start":{"line":1,"column":18},"end":{"line":1,"column":20}},"1":{"start":{"line":3,"column":24},"end":{"line":12,"column":1}},"2":{"start":{"line":14,"column":30},"end":{"line":62,"column":6}},"3":{"start":{"line":64,"column":0},"end":{"line":68,"column":1}}},"fnMap":{},"branchMap":{},"s":{"0":1,"1":1,"2":1,"3":1},"f":{},"b":{},"_coverageSchema":"1a1c01bbd47fc00a2c39e90264f33305004495a9","hash":"b30d1fa781c17d749259680886c91b2073d03ee4"}
,"C:\\Users\\rmerc\\Escritorio\\Full-Stack-Open-2024\\jest\\utils\\list_helper.js": {"path":"C:\\Users\\rmerc\\Escritorio\\Full-Stack-Open-2024\\jest\\utils\\list_helper.js","statementMap":{"0":{"start":{"line":1,"column":14},"end":{"line":3,"column":1}},"1":{"start":{"line":2,"column":4},"end":{"line":2,"column":12}},"2":{"start":{"line":5,"column":19},"end":{"line":7,"column":1}},"3":{"start":{"line":6,"column":4},"end":{"line":6,"column":59}},"4":{"start":{"line":6,"column":39},"end":{"line":6,"column":55}},"5":{"start":{"line":9,"column":21},"end":{"line":11,"column":1}},"6":{"start":{"line":10,"column":4},"end":{"line":10,"column":85}},"7":{"start":{"line":10,"column":39},"end":{"line":10,"column":74}},"8":{"start":{"line":13,"column":18},"end":{"line":29,"column":1}},"9":{"start":{"line":14,"column":20},"end":{"line":21,"column":10}},"10":{"start":{"line":15,"column":8},"end":{"line":19,"column":9}},"11":{"start":{"line":16,"column":12},"end":{"line":16,"column":34}},"12":{"start":{"line":18,"column":12},"end":{"line":18,"column":36}},"13":{"start":{"line":20,"column":8},"end":{"line":20,"column":22}},"14":{"start":{"line":23,"column":19},"end":{"line":23,"column":135}},"15":{"start":{"line":23,"column":64},"end":{"line":23,"column":109}},"16":{"start":{"line":25,"column":4},"end":{"line":28,"column":5}},"17":{"start":{"line":31,"column":18},"end":{"line":47,"column":1}},"18":{"start":{"line":32,"column":20},"end":{"line":39,"column":10}},"19":{"start":{"line":33,"column":8},"end":{"line":37,"column":9}},"20":{"start":{"line":34,"column":12},"end":{"line":34,"column":46}},"21":{"start":{"line":36,"column":12},"end":{"line":36,"column":45}},"22":{"start":{"line":38,"column":8},"end":{"line":38,"column":22}},"23":{"start":{"line":41,"column":19},"end":{"line":41,"column":135}},"24":{"start":{"line":41,"column":64},"end":{"line":41,"column":109}},"25":{"start":{"line":43,"column":4},"end":{"line":46,"column":5}},"26":{"start":{"line":49,"column":0},"end":{"line":55,"column":1}}},"fnMap":{"0":{"name":"(anonymous_0)","decl":{"start":{"line":1,"column":14},"end":{"line":1,"column":15}},"loc":{"start":{"line":1,"column":25},"end":{"line":3,"column":1}},"line":1},"1":{"name":"(anonymous_1)","decl":{"start":{"line":5,"column":19},"end":{"line":5,"column":20}},"loc":{"start":{"line":5,"column":30},"end":{"line":7,"column":1}},"line":5},"2":{"name":"(anonymous_2)","decl":{"start":{"line":6,"column":24},"end":{"line":6,"column":25}},"loc":{"start":{"line":6,"column":39},"end":{"line":6,"column":55}},"line":6},"3":{"name":"(anonymous_3)","decl":{"start":{"line":9,"column":21},"end":{"line":9,"column":22}},"loc":{"start":{"line":9,"column":32},"end":{"line":11,"column":1}},"line":9},"4":{"name":"(anonymous_4)","decl":{"start":{"line":10,"column":24},"end":{"line":10,"column":25}},"loc":{"start":{"line":10,"column":39},"end":{"line":10,"column":74}},"line":10},"5":{"name":"(anonymous_5)","decl":{"start":{"line":13,"column":18},"end":{"line":13,"column":19}},"loc":{"start":{"line":13,"column":29},"end":{"line":29,"column":1}},"line":13},"6":{"name":"(anonymous_6)","decl":{"start":{"line":14,"column":33},"end":{"line":14,"column":34}},"loc":{"start":{"line":14,"column":52},"end":{"line":21,"column":5}},"line":14},"7":{"name":"(anonymous_7)","decl":{"start":{"line":23,"column":47},"end":{"line":23,"column":48}},"loc":{"start":{"line":23,"column":64},"end":{"line":23,"column":109}},"line":23},"8":{"name":"(anonymous_8)","decl":{"start":{"line":31,"column":18},"end":{"line":31,"column":19}},"loc":{"start":{"line":31,"column":29},"end":{"line":47,"column":1}},"line":31},"9":{"name":"(anonymous_9)","decl":{"start":{"line":32,"column":33},"end":{"line":32,"column":34}},"loc":{"start":{"line":32,"column":52},"end":{"line":39,"column":5}},"line":32},"10":{"name":"(anonymous_10)","decl":{"start":{"line":41,"column":47},"end":{"line":41,"column":48}},"loc":{"start":{"line":41,"column":64},"end":{"line":41,"column":109}},"line":41}},"branchMap":{"0":{"loc":{"start":{"line":10,"column":39},"end":{"line":10,"column":74}},"type":"cond-expr","locations":[{"start":{"line":10,"column":64},"end":{"line":10,"column":67}},{"start":{"line":10,"column":70},"end":{"line":10,"column":74}}],"line":10},"1":{"loc":{"start":{"line":15,"column":8},"end":{"line":19,"column":9}},"type":"if","locations":[{"start":{"line":15,"column":8},"end":{"line":19,"column":9}},{"start":{"line":17,"column":15},"end":{"line":19,"column":9}}],"line":15},"2":{"loc":{"start":{"line":23,"column":64},"end":{"line":23,"column":109}},"type":"cond-expr","locations":[{"start":{"line":23,"column":97},"end":{"line":23,"column":100}},{"start":{"line":23,"column":103},"end":{"line":23,"column":109}}],"line":23},"3":{"loc":{"start":{"line":33,"column":8},"end":{"line":37,"column":9}},"type":"if","locations":[{"start":{"line":33,"column":8},"end":{"line":37,"column":9}},{"start":{"line":35,"column":15},"end":{"line":37,"column":9}}],"line":33},"4":{"loc":{"start":{"line":41,"column":64},"end":{"line":41,"column":109}},"type":"cond-expr","locations":[{"start":{"line":41,"column":97},"end":{"line":41,"column":100}},{"start":{"line":41,"column":103},"end":{"line":41,"column":109}}],"line":41}},"s":{"0":1,"1":2,"2":1,"3":1,"4":1,"5":1,"6":2,"7":7,"8":1,"9":3,"10":7,"11":3,"12":4,"13":7,"14":3,"15":4,"16":3,"17":1,"18":1,"19":6,"20":3,"21":3,"22":6,"23":1,"24":3,"25":1,"26":1},"f":{"0":2,"1":1,"2":1,"3":2,"4":7,"5":3,"6":7,"7":4,"8":1,"9":6,"10":3},"b":{"0":[4,3],"1":[3,4],"2":[0,4],"3":[3,3],"4":[1,2]},"_coverageSchema":"1a1c01bbd47fc00a2c39e90264f33305004495a9","hash":"40ca090c4fe89a3380efa3e41aa4e31da5f88679"}
}
