TN:
SF:tests\dummy.data.js
FNF:0
FNH:0
DA:1,1
DA:3,1
DA:14,1
DA:64,1
LF:4
LH:4
BRF:0
BRH:0
end_of_record
TN:
SF:utils\list_helper.js
FN:1,(anonymous_0)
FN:5,(anonymous_1)
FN:6,(anonymous_2)
FN:9,(anonymous_3)
FN:10,(anonymous_4)
FN:13,(anonymous_5)
FN:14,(anonymous_6)
FN:23,(anonymous_7)
FN:31,(anonymous_8)
FN:32,(anonymous_9)
FN:41,(anonymous_10)
FNF:11
FNH:11
FNDA:2,(anonymous_0)
FNDA:1,(anonymous_1)
FNDA:1,(anonymous_2)
FNDA:2,(anonymous_3)
FNDA:7,(anonymous_4)
FNDA:3,(anonymous_5)
FNDA:7,(anonymous_6)
FNDA:4,(anonymous_7)
FNDA:1,(anonymous_8)
FNDA:6,(anonymous_9)
FNDA:3,(anonymous_10)
DA:1,1
DA:2,2
DA:5,1
DA:6,1
DA:9,1
DA:10,7
DA:13,1
DA:14,3
DA:15,7
DA:16,3
DA:18,4
DA:20,7
DA:23,4
DA:25,3
DA:31,1
DA:32,1
DA:33,6
DA:34,3
DA:36,3
DA:38,6
DA:41,3
DA:43,1
DA:49,1
LF:23
LH:23
BRDA:10,0,0,4
BRDA:10,0,1,3
BRDA:15,1,0,3
BRDA:15,1,1,4
BRDA:23,2,0,0
BRDA:23,2,1,4
BRDA:33,3,0,3
BRDA:33,3,1,3
BRDA:41,4,0,1
BRDA:41,4,1,2
BRF:10
BRH:9
end_of_record
